2019-09-18 00:03:29.511 [http-nio-8888-exec-9] INFO  com.course.controller.UserManager - 查询到的结果是1
2019-09-18 00:03:29.514 [http-nio-8888-exec-9] INFO  com.course.controller.UserManager - 登陆的用户是zhangsan
2019-09-18 00:03:29.573 [http-nio-8888-exec-10] INFO  com.course.controller.UserManager - 查询到的结果是0
2019-09-18 00:03:29.625 [http-nio-8888-exec-1] INFO  com.course.controller.UserManager - cookies验证通过
2019-09-18 00:03:29.629 [http-nio-8888-exec-1] INFO  com.course.controller.UserManager - 添加用户的数量是:1
2019-09-18 00:03:34.673 [http-nio-8888-exec-2] INFO  com.course.controller.UserManager - cookies验证通过
2019-09-18 00:03:34.675 [http-nio-8888-exec-2] INFO  com.course.controller.UserManager - getUserInfo获取到的用户数量是1
2019-09-18 00:03:34.728 [http-nio-8888-exec-3] INFO  com.course.controller.UserManager - cookies验证通过
2019-09-18 00:03:34.729 [http-nio-8888-exec-3] INFO  com.course.controller.UserManager - 更新数据的条目数为:1
2019-09-18 00:03:37.793 [http-nio-8888-exec-4] INFO  com.course.controller.UserManager - cookies验证通过
2019-09-18 00:03:37.795 [http-nio-8888-exec-4] INFO  com.course.controller.UserManager - 更新数据的条目数为:1
2019-09-18 00:03:40.830 [http-nio-8888-exec-5] INFO  com.course.controller.UserManager - cookies验证通过
2019-09-18 00:03:40.833 [http-nio-8888-exec-5] INFO  com.course.controller.UserManager - getUserInfo获取到的用户数量是5
2019-09-18 10:15:48.064 [http-nio-8888-exec-7] INFO  com.course.controller.UserManager - 查询到的结果是1
2019-09-18 10:15:48.064 [http-nio-8888-exec-7] INFO  com.course.controller.UserManager - 登陆的用户是zhangsan
2019-09-18 10:15:48.126 [http-nio-8888-exec-8] INFO  com.course.controller.UserManager - 查询到的结果是0
2019-09-18 10:15:48.178 [http-nio-8888-exec-9] INFO  com.course.controller.UserManager - cookies验证通过
2019-09-18 10:15:48.183 [http-nio-8888-exec-9] INFO  com.course.controller.UserManager - 添加用户的数量是:1
2019-09-18 10:15:53.230 [http-nio-8888-exec-10] INFO  com.course.controller.UserManager - cookies验证通过
2019-09-18 10:15:53.232 [http-nio-8888-exec-10] INFO  com.course.controller.UserManager - getUserInfo获取到的用户数量是1
2019-09-18 10:15:53.287 [http-nio-8888-exec-1] INFO  com.course.controller.UserManager - cookies验证通过
2019-09-18 10:15:53.290 [http-nio-8888-exec-1] INFO  com.course.controller.UserManager - 更新数据的条目数为:1
2019-09-18 10:15:56.354 [http-nio-8888-exec-2] INFO  com.course.controller.UserManager - cookies验证通过
2019-09-18 10:15:56.358 [http-nio-8888-exec-2] INFO  com.course.controller.UserManager - 更新数据的条目数为:1
2019-09-18 10:15:59.394 [http-nio-8888-exec-3] INFO  com.course.controller.UserManager - cookies验证通过
2019-09-18 10:15:59.397 [http-nio-8888-exec-3] INFO  com.course.controller.UserManager - getUserInfo获取到的用户数量是4
2019-09-18 10:22:02.561 [http-nio-8888-exec-5] INFO  com.course.controller.UserManager - 查询到的结果是1
2019-09-18 10:22:02.562 [http-nio-8888-exec-5] INFO  com.course.controller.UserManager - 登陆的用户是zhangsan
2019-09-18 10:22:02.619 [http-nio-8888-exec-6] INFO  com.course.controller.UserManager - 查询到的结果是0
2019-09-18 10:22:02.673 [http-nio-8888-exec-7] INFO  com.course.controller.UserManager - cookies验证通过
2019-09-18 10:22:02.676 [http-nio-8888-exec-7] INFO  com.course.controller.UserManager - 添加用户的数量是:1
2019-09-18 10:22:12.724 [http-nio-8888-exec-8] INFO  com.course.controller.UserManager - cookies验证通过
2019-09-18 10:22:12.726 [http-nio-8888-exec-8] INFO  com.course.controller.UserManager - getUserInfo获取到的用户数量是1
2019-09-18 10:22:12.779 [http-nio-8888-exec-9] INFO  com.course.controller.UserManager - cookies验证通过
2019-09-18 10:22:12.784 [http-nio-8888-exec-9] INFO  com.course.controller.UserManager - 更新数据的条目数为:1
2019-09-18 10:22:37.852 [http-nio-8888-exec-10] INFO  com.course.controller.UserManager - cookies验证通过
2019-09-18 10:22:37.856 [http-nio-8888-exec-10] INFO  com.course.controller.UserManager - 更新数据的条目数为:1
2019-09-18 10:23:07.897 [http-nio-8888-exec-1] INFO  com.course.controller.UserManager - cookies验证通过
2019-09-18 10:23:07.900 [http-nio-8888-exec-1] INFO  com.course.controller.UserManager - getUserInfo获取到的用户数量是4
2019-09-18 11:14:14.119 [main] INFO  com.course.Application - Starting Application on Maxwell with PID 16868 (C:\Users\Maxwell\.ssh\workspace\muke\AutoTest\Chapter14\target\classes started by Maxwell in C:\Users\Maxwell\.ssh\workspace\muke\AutoTest)
2019-09-18 11:14:14.123 [main] INFO  com.course.Application - No active profile set, falling back to default profiles: default
2019-09-18 11:14:14.174 [main] INFO  o.s.boot.context.embedded.AnnotationConfigEmbeddedWebApplicationContext - Refreshing org.springframework.boot.context.embedded.AnnotationConfigEmbeddedWebApplicationContext@55183b20: startup date [Wed Sep 18 11:14:14 CST 2019]; root of context hierarchy
2019-09-18 11:14:15.151 [main] WARN  org.mybatis.spring.mapper.ClassPathMapperScanner - No MyBatis mapper was found in '[com.course]' package. Please check your configuration.
2019-09-18 11:14:15.480 [main] INFO  o.s.context.support.PostProcessorRegistrationDelegate$BeanPostProcessorChecker - Bean 'org.springframework.transaction.annotation.ProxyTransactionManagementConfiguration' of type [org.springframework.transaction.annotation.ProxyTransactionManagementConfiguration$$EnhancerBySpringCGLIB$$edf9dc78] is not eligible for getting processed by all BeanPostProcessors (for example: not eligible for auto-proxying)
2019-09-18 11:14:15.710 [main] INFO  org.springframework.boot.context.embedded.tomcat.TomcatEmbeddedServletContainer - Tomcat initialized with port(s): 8888 (http)
2019-09-18 11:14:15.718 [main] INFO  org.apache.catalina.core.StandardService - Starting service Tomcat
2019-09-18 11:14:15.719 [main] INFO  org.apache.catalina.core.StandardEngine - Starting Servlet Engine: Apache Tomcat/8.5.14
2019-09-18 11:14:15.833 [localhost-startStop-1] INFO  org.apache.catalina.core.ContainerBase.[Tomcat].[localhost].[/] - Initializing Spring embedded WebApplicationContext
2019-09-18 11:14:15.833 [localhost-startStop-1] INFO  org.springframework.web.context.ContextLoader - Root WebApplicationContext: initialization completed in 1659 ms
2019-09-18 11:14:16.018 [localhost-startStop-1] INFO  org.springframework.boot.web.servlet.ServletRegistrationBean - Mapping servlet: 'dispatcherServlet' to [/]
2019-09-18 11:14:16.022 [localhost-startStop-1] INFO  org.springframework.boot.web.servlet.FilterRegistrationBean - Mapping filter: 'characterEncodingFilter' to: [/*]
2019-09-18 11:14:16.022 [localhost-startStop-1] INFO  org.springframework.boot.web.servlet.FilterRegistrationBean - Mapping filter: 'hiddenHttpMethodFilter' to: [/*]
2019-09-18 11:14:16.022 [localhost-startStop-1] INFO  org.springframework.boot.web.servlet.FilterRegistrationBean - Mapping filter: 'httpPutFormContentFilter' to: [/*]
2019-09-18 11:14:16.022 [localhost-startStop-1] INFO  org.springframework.boot.web.servlet.FilterRegistrationBean - Mapping filter: 'requestContextFilter' to: [/*]
2019-09-18 11:14:16.805 [main] INFO  o.springframework.web.servlet.mvc.method.annotation.RequestMappingHandlerMapping - Mapped "{[/v1/getUserInfo],methods=[POST]}" onto public java.util.List<com.course.model.User> com.course.controller.UserManager.getUserInfo(javax.servlet.http.HttpServletRequest,com.course.model.User)
2019-09-18 11:14:16.805 [main] INFO  o.springframework.web.servlet.mvc.method.annotation.RequestMappingHandlerMapping - Mapped "{[/v1/updateUserInfo],methods=[POST]}" onto public int com.course.controller.UserManager.updateUser(javax.servlet.http.HttpServletRequest,com.course.model.User)
2019-09-18 11:14:16.806 [main] INFO  o.springframework.web.servlet.mvc.method.annotation.RequestMappingHandlerMapping - Mapped "{[/v1/login],methods=[POST]}" onto public java.lang.Boolean com.course.controller.UserManager.login(javax.servlet.http.HttpServletResponse,com.course.model.User)
2019-09-18 11:14:16.806 [main] INFO  o.springframework.web.servlet.mvc.method.annotation.RequestMappingHandlerMapping - Mapped "{[/v1/addUser],methods=[POST]}" onto public boolean com.course.controller.UserManager.addUser(javax.servlet.http.HttpServletRequest,com.course.model.User)
2019-09-18 11:14:16.807 [main] INFO  o.springframework.web.servlet.mvc.method.annotation.RequestMappingHandlerMapping - Mapped "{[/v2/api-docs],methods=[GET],produces=[application/json || application/hal+json]}" onto public org.springframework.http.ResponseEntity<springfox.documentation.spring.web.json.Json> springfox.documentation.swagger2.web.Swagger2Controller.getDocumentation(java.lang.String,javax.servlet.http.HttpServletRequest)
2019-09-18 11:14:16.810 [main] INFO  o.springframework.web.servlet.mvc.method.annotation.RequestMappingHandlerMapping - Mapped "{[/swagger-resources/configuration/security]}" onto org.springframework.http.ResponseEntity<springfox.documentation.swagger.web.SecurityConfiguration> springfox.documentation.swagger.web.ApiResourceController.securityConfiguration()
2019-09-18 11:14:16.810 [main] INFO  o.springframework.web.servlet.mvc.method.annotation.RequestMappingHandlerMapping - Mapped "{[/swagger-resources]}" onto org.springframework.http.ResponseEntity<java.util.List<springfox.documentation.swagger.web.SwaggerResource>> springfox.documentation.swagger.web.ApiResourceController.swaggerResources()
2019-09-18 11:14:16.811 [main] INFO  o.springframework.web.servlet.mvc.method.annotation.RequestMappingHandlerMapping - Mapped "{[/swagger-resources/configuration/ui]}" onto org.springframework.http.ResponseEntity<springfox.documentation.swagger.web.UiConfiguration> springfox.documentation.swagger.web.ApiResourceController.uiConfiguration()
2019-09-18 11:14:16.813 [main] INFO  o.springframework.web.servlet.mvc.method.annotation.RequestMappingHandlerMapping - Mapped "{[/error]}" onto public org.springframework.http.ResponseEntity<java.util.Map<java.lang.String, java.lang.Object>> org.springframework.boot.autoconfigure.web.BasicErrorController.error(javax.servlet.http.HttpServletRequest)
2019-09-18 11:14:16.814 [main] INFO  o.springframework.web.servlet.mvc.method.annotation.RequestMappingHandlerMapping - Mapped "{[/error],produces=[text/html]}" onto public org.springframework.web.servlet.ModelAndView org.springframework.boot.autoconfigure.web.BasicErrorController.errorHtml(javax.servlet.http.HttpServletRequest,javax.servlet.http.HttpServletResponse)
2019-09-18 11:14:16.969 [main] INFO  o.springframework.web.servlet.mvc.method.annotation.RequestMappingHandlerAdapter - Looking for @ControllerAdvice: org.springframework.boot.context.embedded.AnnotationConfigEmbeddedWebApplicationContext@55183b20: startup date [Wed Sep 18 11:14:14 CST 2019]; root of context hierarchy
2019-09-18 11:14:17.013 [main] INFO  org.springframework.web.servlet.handler.SimpleUrlHandlerMapping - Mapped URL path [/webjars/**] onto handler of type [class org.springframework.web.servlet.resource.ResourceHttpRequestHandler]
2019-09-18 11:14:17.014 [main] INFO  org.springframework.web.servlet.handler.SimpleUrlHandlerMapping - Mapped URL path [/**] onto handler of type [class org.springframework.web.servlet.resource.ResourceHttpRequestHandler]
2019-09-18 11:14:17.050 [main] INFO  org.springframework.web.servlet.handler.SimpleUrlHandlerMapping - Mapped URL path [/**/favicon.ico] onto handler of type [class org.springframework.web.servlet.resource.ResourceHttpRequestHandler]
2019-09-18 11:14:17.352 [main] INFO  org.springframework.jmx.export.annotation.AnnotationMBeanExporter - Registering beans for JMX exposure on startup
2019-09-18 11:14:17.361 [main] INFO  org.springframework.context.support.DefaultLifecycleProcessor - Starting beans in phase 2147483647
2019-09-18 11:14:17.362 [main] INFO  springfox.documentation.spring.web.plugins.DocumentationPluginsBootstrapper - Context refreshed
2019-09-18 11:14:17.382 [main] INFO  springfox.documentation.spring.web.plugins.DocumentationPluginsBootstrapper - Found 1 custom documentation plugin(s)
2019-09-18 11:14:17.401 [main] INFO  springfox.documentation.spring.web.scanners.ApiListingReferenceScanner - Scanning for api listing references
2019-09-18 11:14:17.706 [main] INFO  org.springframework.boot.context.embedded.tomcat.TomcatEmbeddedServletContainer - Tomcat started on port(s): 8888 (http)
2019-09-18 11:14:17.710 [main] INFO  com.course.Application - Started Application in 3.993 seconds (JVM running for 5.366)
2019-09-18 11:14:58.331 [http-nio-8888-exec-1] INFO  org.apache.catalina.core.ContainerBase.[Tomcat].[localhost].[/] - Initializing Spring FrameworkServlet 'dispatcherServlet'
2019-09-18 11:14:58.331 [http-nio-8888-exec-1] INFO  org.springframework.web.servlet.DispatcherServlet - FrameworkServlet 'dispatcherServlet': initialization started
2019-09-18 11:14:58.358 [http-nio-8888-exec-1] INFO  org.springframework.web.servlet.DispatcherServlet - FrameworkServlet 'dispatcherServlet': initialization completed in 27 ms
2019-09-18 11:14:58.577 [http-nio-8888-exec-1] INFO  com.course.controller.UserManager - 查询到的结果是1
2019-09-18 11:14:58.577 [http-nio-8888-exec-1] INFO  com.course.controller.UserManager - 登陆的用户是zhangsan
2019-09-18 11:14:58.649 [http-nio-8888-exec-2] INFO  com.course.controller.UserManager - 查询到的结果是0
2019-09-18 11:14:58.698 [http-nio-8888-exec-3] INFO  com.course.controller.UserManager - cookies验证通过
2019-09-18 11:14:58.702 [http-nio-8888-exec-3] INFO  com.course.controller.UserManager - 添加用户的数量是:1
2019-09-18 11:15:08.749 [http-nio-8888-exec-4] INFO  com.course.controller.UserManager - cookies验证通过
2019-09-18 11:15:08.767 [http-nio-8888-exec-4] INFO  com.course.controller.UserManager - getUserInfo获取到的用户数量是1
2019-09-18 11:15:08.817 [http-nio-8888-exec-5] INFO  com.course.controller.UserManager - cookies验证通过
2019-09-18 11:15:08.819 [http-nio-8888-exec-5] INFO  com.course.controller.UserManager - 更新数据的条目数为:1
2019-09-18 11:15:33.891 [http-nio-8888-exec-6] INFO  com.course.controller.UserManager - cookies验证通过
2019-09-18 11:15:33.896 [http-nio-8888-exec-6] INFO  com.course.controller.UserManager - 更新数据的条目数为:1
2019-09-18 11:16:03.943 [http-nio-8888-exec-7] INFO  com.course.controller.UserManager - cookies验证通过
2019-09-18 11:16:03.946 [http-nio-8888-exec-7] INFO  com.course.controller.UserManager - getUserInfo获取到的用户数量是4
